ZuberResource/ZuberClient_0.3/app/manifest-merger-release-report.txt
-- Merging decision tree log ---
manifest
ADDED from AndroidManifest.xml:2:1
	package
		ADDED from AndroidManifest.xml:3:5
		INJECTED from AndroidManifest.xml:0:0
		INJECTED from AndroidManifest.xml:0:0
	android:versionName
		ADDED from AndroidManifest.xml:5:5
		INJECTED from AndroidManifest.xml:0:0
		INJECTED from AndroidManifest.xml:0:0
	android:versionCode
		ADDED from AndroidManifest.xml:4:5
		INJECTED from AndroidManifest.xml:0:0
		INJECTED from AndroidManifest.xml:0:0
	xmlns:android
		ADDED from AndroidManifest.xml:2:11
uses-sdk
ADDED from AndroidManifest.xml:7:5
MERGED from ZuberClient:TaeSDK:unspecified:7:5
	android:targetSdkVersion
		ADDED from AndroidManifest.xml:9:9
		INJECTED from AndroidManifest.xml:0:0
		INJECTED from AndroidManifest.xml:0:0
	android:minSdkVersion
		ADDED from AndroidManifest.xml:8:9
		INJECTED from AndroidManifest.xml:0:0
		INJECTED from AndroidManifest.xml:0:0
application
ADDED from AndroidManifest.xml:11:5
MERGED from ZuberClient:TaeSDK:unspecified:20:5
	android:label
		ADDED from AndroidManifest.xml:13:9
	android:icon
		ADDED from AndroidManifest.xml:14:9
	android:allowBackup
		ADDED from ZuberClient:TaeSDK:unspecified:20:18
	android:theme
		ADDED from AndroidManifest.xml:15:9
	android:name
		ADDED from AndroidManifest.xml:12:9
activity#com.taobao.tae.buyingdemo.activity.MainActivity
ADDED from AndroidManifest.xml:16:9
	android:screenOrientation
		ADDED from AndroidManifest.xml:19:13
	android:label
		ADDED from AndroidManifest.xml:18:13
	android:name
		ADDED from AndroidManifest.xml:17:13
activity#com.taobao.tae.buyingdemo.activity.welcome
ADDED from AndroidManifest.xml:23:9
	android:name
		ADDED from AndroidManifest.xml:23:19
intent-filter#android.intent.action.MAIN+android.intent.category.LAUNCHER
ADDED from AndroidManifest.xml:24:13
action#android.intent.action.MAIN
ADDED from AndroidManifest.xml:25:17
	android:name
		ADDED from AndroidManifest.xml:25:25
category#android.intent.category.LAUNCHER
ADDED from AndroidManifest.xml:26:17
	android:name
		ADDED from AndroidManifest.xml:26:27
activity#com.taobao.tae.buyingdemo.activity.PersonDeatilActivity
ADDED from AndroidManifest.xml:29:9
	android:name
		ADDED from AndroidManifest.xml:29:19
activity#com.taobao.tae.buyingdemo.activity.ChoiceActivity
ADDED from AndroidManifest.xml:30:9
	android:name
		ADDED from AndroidManifest.xml:30:19
activity#com.taobao.tae.buyingdemo.activity.DiscussActivity
ADDED from AndroidManifest.xml:31:9
	android:name
		ADDED from AndroidManifest.xml:31:19
activity#com.taobao.tae.buyingdemo.activity.MyLove
ADDED from AndroidManifest.xml:32:9
	android:name
		ADDED from AndroidManifest.xml:32:19
activity#com.taobao.tae.buyingdemo.activity.BaseActivity
ADDED from AndroidManifest.xml:34:9
	android:screenOrientation
		ADDED from AndroidManifest.xml:34:57
	android:name
		ADDED from AndroidManifest.xml:34:19
activity#com.taobao.tae.buyingdemo.activity.IndexActivity
ADDED from AndroidManifest.xml:35:9
	android:screenOrientation
		ADDED from AndroidManifest.xml:36:52
	android:name
		ADDED from AndroidManifest.xml:36:13
activity#com.taobao.tae.buyingdemo.activity.CategoryActivity
ADDED from AndroidManifest.xml:37:9
	android:screenOrientation
		ADDED from AndroidManifest.xml:38:55
	android:name
		ADDED from AndroidManifest.xml:38:13
activity#com.taobao.tae.buyingdemo.activity.MyActivity
ADDED from AndroidManifest.xml:39:9
	android:name
		ADDED from AndroidManifest.xml:40:13
activity#com.taobao.tae.buyingdemo.activity.ItemWebviewActivity
ADDED from AndroidManifest.xml:41:9
	android:screenOrientation
		ADDED from AndroidManifest.xml:42:58
	android:name
		ADDED from AndroidManifest.xml:42:13
activity#com.taobao.tae.buyingdemo.activity.ItemDetailActivity
ADDED from AndroidManifest.xml:43:9
	android:screenOrientation
		ADDED from AndroidManifest.xml:44:57
	android:name
		ADDED from AndroidManifest.xml:44:13
activity#com.taobao.tae.buyingdemo.activity.SearchResultSortActivity
ADDED from AndroidManifest.xml:45:9
	android:screenOrientation
		ADDED from AndroidManifest.xml:46:63
	android:name
		ADDED from AndroidManifest.xml:46:13
activity#com.taobao.tae.buyingdemo.activity.SettingActivity
ADDED from AndroidManifest.xml:47:9
	android:screenOrientation
		ADDED from AndroidManifest.xml:47:60
	android:name
		ADDED from AndroidManifest.xml:47:19
activity#org.acra.CrashReportDialog
ADDED from AndroidManifest.xml:77:9
	android:excludeFromRecents
		ADDED from AndroidManifest.xml:80:13
	android:launchMode
		ADDED from AndroidManifest.xml:79:13
	android:finishOnTaskLaunch
		ADDED from AndroidManifest.xml:81:13
	android:theme
		ADDED from AndroidManifest.xml:78:13
	android:name
		ADDED from AndroidManifest.xml:77:19
uses-permission#android.permission.INTERNET
ADDED from AndroidManifest.xml:85:5
MERGED from ZuberClient:TaeSDK:unspecified:17:5
	android:name
		ADDED from AndroidManifest.xml:85:22
uses-permission#android.permission.MOUNT_UNMOUNT_FILESYSTEMS
ADDED from AndroidManifest.xml:86:5
	android:name
		ADDED from AndroidManifest.xml:86:22
uses-permission#android.permission.WRITE_EXTERNAL_STORAGE
ADDED from AndroidManifest.xml:87:5
MERGED from ZuberClient:TaeSDK:unspecified:11:5
	android:name
		ADDED from AndroidManifest.xml:87:22
uses-permission#android.permission.READ_PHONE_STATE
ADDED from AndroidManifest.xml:88:5
MERGED from ZuberClient:TaeSDK:unspecified:14:5
	android:name
		ADDED from AndroidManifest.xml:88:22
uses-permission#android.permission.WRITE_SETTINGS
ADDED from AndroidManifest.xml:89:5
MERGED from ZuberClient:TaeSDK:unspecified:16:5
	android:name
		ADDED from AndroidManifest.xml:89:22
uses-permission#android.permission.READ_EXTERNAL_STORAGE
ADDED from AndroidManifest.xml:90:5
MERGED from ZuberClient:TaeSDK:unspecified:18:5
	android:name
		ADDED from AndroidManifest.xml:90:22
uses-permission#android.permission.CHANGE_WIFI_STATE
ADDED from AndroidManifest.xml:91:5
	android:name
		ADDED from AndroidManifest.xml:91:22
uses-permission#android.permission.ACCESS_WIFI_STATE
ADDED from AndroidManifest.xml:93:5
MERGED from ZuberClient:TaeSDK:unspecified:13:5
	android:name
		ADDED from AndroidManifest.xml:93:22
uses-permission#android.permission.ACCESS_NETWORK_STATE
ADDED from AndroidManifest.xml:94:5
MERGED from ZuberClient:TaeSDK:unspecified:12:5
	android:name
		ADDED from AndroidManifest.xml:94:22
uses-permission#android.permission.ACCESS_FINE_LOCATION
ADDED from AndroidManifest.xml:95:5
	android:name
		ADDED from AndroidManifest.xml:95:22
uses-permission#android.permission.ACCESS_COARSE_LOCATION
ADDED from AndroidManifest.xml:96:5
	android:name
		ADDED from AndroidManifest.xml:96:22
uses-permission#android.permission.ACCESS_LOCATION_EXTRA_COMMANDS
ADDED from AndroidManifest.xml:97:5
	android:name
		ADDED from AndroidManifest.xml:97:22
uses-permission#android.permission.VIBRATE
ADDED from AndroidManifest.xml:100:5
	android:name
		ADDED from AndroidManifest.xml:100:22
uses-permission#android.permission.RECEIVE_BOOT_COMPLETED
ADDED from AndroidManifest.xml:101:5
	android:name
		ADDED from AndroidManifest.xml:101:22
uses-permission#android.permission.BROADCAST_STICKY
ADDED from AndroidManifest.xml:102:5
	android:name
		ADDED from AndroidManifest.xml:102:22
uses-permission#android.permission.RECEIVE_USER_PRESENT
ADDED from AndroidManifest.xml:103:5
	android:name
		ADDED from AndroidManifest.xml:103:22
uses-permission#android.permission.GET_TASKS
ADDED from AndroidManifest.xml:104:5
	android:name
		ADDED from AndroidManifest.xml:104:22
uses-permission#android.permission.WAKE_LOCK
ADDED from AndroidManifest.xml:105:5
	android:name
		ADDED from AndroidManifest.xml:105:22
uses-permission#android.permission.READ_SETTINGS
ADDED from ZuberClient:TaeSDK:unspecified:15:5
	android:name
		ADDED from ZuberClient:TaeSDK:unspecified:15:22
activity#com.taobao.tae.sdk.ui.LoginWebViewActivity
ADDED from ZuberClient:TaeSDK:unspecified:21:9
	android:name
		ADDED from ZuberClient:TaeSDK:unspecified:21:19
activity#com.taobao.tae.sdk.ui.TradeWebViewActivity
ADDED from ZuberClient:TaeSDK:unspecified:22:9
	android:name
		ADDED from ZuberClient:TaeSDK:unspecified:22:19
activity#com.alipay.sdk.app.H5PayActivity
ADDED from ZuberClient:TaeSDK:unspecified:25:9
	android:screenOrientation
		ADDED from ZuberClient:TaeSDK:unspecified:29:13
	android:exported
		ADDED from ZuberClient:TaeSDK:unspecified:28:13
	android:configChanges
		ADDED from ZuberClient:TaeSDK:unspecified:27:13
	android:name
		ADDED from ZuberClient:TaeSDK:unspecified:26:13
activity#com.alipay.sdk.auth.AuthActivity
ADDED from ZuberClient:TaeSDK:unspecified:31:9
	android:screenOrientation
		ADDED from ZuberClient:TaeSDK:unspecified:35:13
	android:exported
		ADDED from ZuberClient:TaeSDK:unspecified:34:13
	android:configChanges
		ADDED from ZuberClient:TaeSDK:unspecified:33:13
	android:name
		ADDED from ZuberClient:TaeSDK:unspecified:32:13